Compiling the CXX compiler identification source file "CMakeCXXCompilerId.cpp" failed.
Compiler: CMAKE_CXX_COMPILER-NOTFOUND 
Build flags: 
Id flags:  

The output was:
Permission denied


Compiling the CXX compiler identification source file "CMakeCXXCompilerId.cpp" failed.
Compiler: CMAKE_CXX_COMPILER-NOTFOUND 
Build flags: 
Id flags: -c 

The output was:
Permission denied


Compiling the CXX compiler identification source file "CMakeCXXCompilerId.cpp" failed.
Compiler: CMAKE_CXX_COMPILER-NOTFOUND 
Build flags: 
Id flags: --c++ 

The output was:
Permission denied


Compiling the CXX compiler identification source file "CMakeCXXCompilerId.cpp" failed.
Compiler: CMAKE_CXX_COMPILER-NOTFOUND 
Build flags: 
Id flags: --ec++ 

The output was:
Permission denied


Compiling the CXX compiler identification source file "CMakeCXXCompilerId.cpp" failed.
Compiler: CMAKE_CXX_COMPILER-NOTFOUND 
Build flags: 
Id flags:  

The output was:
Permission denied


Compiling the CXX compiler identification source file "CMakeCXXCompilerId.cpp" failed.
Compiler: CMAKE_CXX_COMPILER-NOTFOUND 
Build flags: 
Id flags: -c 

The output was:
Permission denied


Compiling the CXX compiler identification source file "CMakeCXXCompilerId.cpp" failed.
Compiler: CMAKE_CXX_COMPILER-NOTFOUND 
Build flags: 
Id flags: --c++ 

The output was:
Permission denied


Compiling the CXX compiler identification source file "CMakeCXXCompilerId.cpp" failed.
Compiler: CMAKE_CXX_COMPILER-NOTFOUND 
Build flags: 
Id flags: --ec++ 

The output was:
Permission denied


Detecting C compiler ABI info failed to compile with the following output:
Change Dir: /mnt/c/Users/sande/Desktop/GIT/Ohjelmistotuotanto-unit-test/build/CMakeFiles/CMakeTmp

Run Build Command:"/usr/bin/make" "cmTC_e05eb/fast"
/usr/bin/make -f CMakeFiles/cmTC_e05eb.dir/build.make CMakeFiles/cmTC_e05eb.dir/build
make[1]: Entering directory '/mnt/c/Users/sande/Desktop/GIT/Ohjelmistotuotanto-unit-test/build/CMakeFiles/CMakeTmp'
Building C object CMakeFiles/cmTC_e05eb.dir/CMakeCCompilerABI.c.o
/usr/bin/cc    -o CMakeFiles/cmTC_e05eb.dir/CMakeCCompilerABI.c.o   -c /usr/share/cmake-3.10/Modules/CMakeCCompilerABI.c
Linking C executable cmTC_e05eb
/usr/bin/cmake -E cmake_link_script CMakeFiles/cmTC_e05eb.dir/link.txt --verbose=1
/usr/bin/cc     -v CMakeFiles/cmTC_e05eb.dir/CMakeCCompilerABI.c.o  -o cmTC_e05eb 
Using built-in specs.
COLLECT_GCC=/usr/bin/cc
COLLECT_LTO_WRAPPER=/usr/lib/gcc/x86_64-linux-gnu/7/lto-wrapper
OFFLOAD_TARGET_NAMES=nvptx-none
OFFLOAD_TARGET_DEFAULT=1
Target: x86_64-linux-gnu
Configured with: ../src/configure -v --with-pkgversion='Ubuntu 7.5.0-3ubuntu1~18.04' --with-bugurl=file:///usr/share/doc/gcc-7/README.Bugs --enable-languages=c,ada,c++,go,brig,d,fortran,objc,obj-c++ --prefix=/usr --with-gcc-major-version-only --program-suffix=-7 --program-prefix=x86_64-linux-gnu- --enable-shared --enable-linker-build-id --libexecdir=/usr/lib --without-included-gettext --enable-threads=posix --libdir=/usr/lib --enable-nls --enable-bootstrap --enable-clocale=gnu --enable-libstdcxx-debug --enable-libstdcxx-time=yes --with-default-libstdcxx-abi=new --enable-gnu-unique-object --disable-vtable-verify --enable-libmpx --enable-plugin --enable-default-pie --with-system-zlib --with-target-system-zlib --enable-objc-gc=auto --enable-multiarch --disable-werror --with-arch-32=i686 --with-abi=m64 --with-multilib-list=m32,m64,mx32 --enable-multilib --with-tune=generic --enable-offload-targets=nvptx-none --without-cuda-driver --enable-checking=release --build=x86_64-linux-gnu --host=x86_64-linux-gnu --target=x86_64-linux-gnu
Thread model: posix
gcc version 7.5.0 (Ubuntu 7.5.0-3ubuntu1~18.04) 
COMPILER_PATH=/usr/lib/gcc/x86_64-linux-gnu/7/:/usr/lib/gcc/x86_64-linux-gnu/7/:/usr/lib/gcc/x86_64-linux-gnu/:/usr/lib/gcc/x86_64-linux-gnu/7/:/usr/lib/gcc/x86_64-linux-gnu/
LIBRARY_PATH=/usr/lib/gcc/x86_64-linux-gnu/7/:/usr/lib/gcc/x86_64-linux-gnu/7/../../../x86_64-linux-gnu/:/usr/lib/gcc/x86_64-linux-gnu/7/../../../../lib/:/lib/x86_64-linux-gnu/:/lib/../lib/:/usr/lib/x86_64-linux-gnu/:/usr/lib/../lib/:/usr/lib/gcc/x86_64-linux-gnu/7/../../../:/lib/:/usr/lib/
COLLECT_GCC_OPTIONS='-v' '-o' 'cmTC_e05eb' '-mtune=generic' '-march=x86-64'
 /usr/lib/gcc/x86_64-linux-gnu/7/collect2 -plugin /usr/lib/gcc/x86_64-linux-gnu/7/liblto_plugin.so -plugin-opt=/usr/lib/gcc/x86_64-linux-gnu/7/lto-wrapper -plugin-opt=-fresolution=/tmp/ccUwpK1y.res -plugin-opt=-pass-through=-lgcc -plugin-opt=-pass-through=-lgcc_s -plugin-opt=-pass-through=-lc -plugin-opt=-pass-through=-lgcc -plugin-opt=-pass-through=-lgcc_s --build-id --eh-frame-hdr -m elf_x86_64 --hash-style=gnu --as-needed -dynamic-linker /lib64/ld-linux-x86-64.so.2 -pie -z now -z relro -o cmTC_e05eb /usr/lib/gcc/x86_64-linux-gnu/7/../../../x86_64-linux-gnu/Scrt1.o /usr/lib/gcc/x86_64-linux-gnu/7/../../../x86_64-linux-gnu/crti.o /usr/lib/gcc/x86_64-linux-gnu/7/crtbeginS.o -L/usr/lib/gcc/x86_64-linux-gnu/7 -L/usr/lib/gcc/x86_64-linux-gnu/7/../../../x86_64-linux-gnu -L/usr/lib/gcc/x86_64-linux-gnu/7/../../../../lib -L/lib/x86_64-linux-gnu -L/lib/../lib -L/usr/lib/x86_64-linux-gnu -L/usr/lib/../lib -L/usr/lib/gcc/x86_64-linux-gnu/7/../../.. CMakeFiles/cmTC_e05eb.dir/CMakeCCompilerABI.c.o -lgcc --push-state --as-needed -lgcc_s --pop-state -lc -lgcc --push-state --as-needed -lgcc_s --pop-state /usr/lib/gcc/x86_64-linux-gnu/7/crtendS.o /usr/lib/gcc/x86_64-linux-gnu/7/../../../x86_64-linux-gnu/crtn.o
COLLECT_GCC_OPTIONS='-v' '-o' 'cmTC_e05eb' '-mtune=generic' '-march=x86-64'
make[1]: Leaving directory '/mnt/c/Users/sande/Desktop/GIT/Ohjelmistotuotanto-unit-test/build/CMakeFiles/CMakeTmp'

Cannot copy output executable
  '/mnt/c/Users/sande/Desktop/GIT/Ohjelmistotuotanto-unit-test/build/CMakeFiles/CMakeTmp/cmTC_e05eb'
to destination specified by COPY_FILE:
  '/mnt/c/Users/sande/Desktop/GIT/Ohjelmistotuotanto-unit-test/build/CMakeFiles/3.10.2/CMakeDetermineCompilerABI_C.bin'


Detecting C [-std=c11] compiler features failed to compile with the following output:
Change Dir: /mnt/c/Users/sande/Desktop/GIT/Ohjelmistotuotanto-unit-test/build/CMakeFiles/CMakeTmp

Run Build Command:"/usr/bin/make" "cmTC_559e1/fast"
/usr/bin/make -f CMakeFiles/cmTC_559e1.dir/build.make CMakeFiles/cmTC_559e1.dir/build
make[1]: Entering directory '/mnt/c/Users/sande/Desktop/GIT/Ohjelmistotuotanto-unit-test/build/CMakeFiles/CMakeTmp'
Building C object CMakeFiles/cmTC_559e1.dir/feature_tests.c.o
/usr/bin/cc   -std=c11 -o CMakeFiles/cmTC_559e1.dir/feature_tests.c.o   -c /mnt/c/Users/sande/Desktop/GIT/Ohjelmistotuotanto-unit-test/build/CMakeFiles/feature_tests.c
Linking C executable cmTC_559e1
/usr/bin/cmake -E cmake_link_script CMakeFiles/cmTC_559e1.dir/link.txt --verbose=1
/usr/bin/cc      CMakeFiles/cmTC_559e1.dir/feature_tests.c.o  -o cmTC_559e1 
make[1]: Leaving directory '/mnt/c/Users/sande/Desktop/GIT/Ohjelmistotuotanto-unit-test/build/CMakeFiles/CMakeTmp'

Cannot copy output executable
  '/mnt/c/Users/sande/Desktop/GIT/Ohjelmistotuotanto-unit-test/build/CMakeFiles/CMakeTmp/cmTC_559e1'
to destination specified by COPY_FILE:
  '/mnt/c/Users/sande/Desktop/GIT/Ohjelmistotuotanto-unit-test/build/CMakeFiles/feature_tests.bin'


Detecting CXX compiler ABI info failed to compile with the following output:
Change Dir: /mnt/c/Users/sande/Desktop/GIT/Ohjelmistotuotanto-unit-test/build/CMakeFiles/CMakeTmp

Run Build Command:"/usr/bin/make" "cmTC_587db/fast"
/usr/bin/make -f CMakeFiles/cmTC_587db.dir/build.make CMakeFiles/cmTC_587db.dir/build
make[1]: Entering directory '/mnt/c/Users/sande/Desktop/GIT/Ohjelmistotuotanto-unit-test/build/CMakeFiles/CMakeTmp'
Building CXX object CMakeFiles/cmTC_587db.dir/CMakeCXXCompilerABI.cpp.o
/usr/bin/c++     -o CMakeFiles/cmTC_587db.dir/CMakeCXXCompilerABI.cpp.o -c /usr/share/cmake-3.10/Modules/CMakeCXXCompilerABI.cpp
Linking CXX executable cmTC_587db
/usr/bin/cmake -E cmake_link_script CMakeFiles/cmTC_587db.dir/link.txt --verbose=1
/usr/bin/c++      -v CMakeFiles/cmTC_587db.dir/CMakeCXXCompilerABI.cpp.o  -o cmTC_587db 
Using built-in specs.
COLLECT_GCC=/usr/bin/c++
COLLECT_LTO_WRAPPER=/usr/lib/gcc/x86_64-linux-gnu/7/lto-wrapper
OFFLOAD_TARGET_NAMES=nvptx-none
OFFLOAD_TARGET_DEFAULT=1
Target: x86_64-linux-gnu
Configured with: ../src/configure -v --with-pkgversion='Ubuntu 7.5.0-3ubuntu1~18.04' --with-bugurl=file:///usr/share/doc/gcc-7/README.Bugs --enable-languages=c,ada,c++,go,brig,d,fortran,objc,obj-c++ --prefix=/usr --with-gcc-major-version-only --program-suffix=-7 --program-prefix=x86_64-linux-gnu- --enable-shared --enable-linker-build-id --libexecdir=/usr/lib --without-included-gettext --enable-threads=posix --libdir=/usr/lib --enable-nls --enable-bootstrap --enable-clocale=gnu --enable-libstdcxx-debug --enable-libstdcxx-time=yes --with-default-libstdcxx-abi=new --enable-gnu-unique-object --disable-vtable-verify --enable-libmpx --enable-plugin --enable-default-pie --with-system-zlib --with-target-system-zlib --enable-objc-gc=auto --enable-multiarch --disable-werror --with-arch-32=i686 --with-abi=m64 --with-multilib-list=m32,m64,mx32 --enable-multilib --with-tune=generic --enable-offload-targets=nvptx-none --without-cuda-driver --enable-checking=release --build=x86_64-linux-gnu --host=x86_64-linux-gnu --target=x86_64-linux-gnu
Thread model: posix
gcc version 7.5.0 (Ubuntu 7.5.0-3ubuntu1~18.04) 
COMPILER_PATH=/usr/lib/gcc/x86_64-linux-gnu/7/:/usr/lib/gcc/x86_64-linux-gnu/7/:/usr/lib/gcc/x86_64-linux-gnu/:/usr/lib/gcc/x86_64-linux-gnu/7/:/usr/lib/gcc/x86_64-linux-gnu/
LIBRARY_PATH=/usr/lib/gcc/x86_64-linux-gnu/7/:/usr/lib/gcc/x86_64-linux-gnu/7/../../../x86_64-linux-gnu/:/usr/lib/gcc/x86_64-linux-gnu/7/../../../../lib/:/lib/x86_64-linux-gnu/:/lib/../lib/:/usr/lib/x86_64-linux-gnu/:/usr/lib/../lib/:/usr/lib/gcc/x86_64-linux-gnu/7/../../../:/lib/:/usr/lib/
COLLECT_GCC_OPTIONS='-v' '-o' 'cmTC_587db' '-shared-libgcc' '-mtune=generic' '-march=x86-64'
 /usr/lib/gcc/x86_64-linux-gnu/7/collect2 -plugin /usr/lib/gcc/x86_64-linux-gnu/7/liblto_plugin.so -plugin-opt=/usr/lib/gcc/x86_64-linux-gnu/7/lto-wrapper -plugin-opt=-fresolution=/tmp/ccXVudQa.res -plugin-opt=-pass-through=-lgcc_s -plugin-opt=-pass-through=-lgcc -plugin-opt=-pass-through=-lc -plugin-opt=-pass-through=-lgcc_s -plugin-opt=-pass-through=-lgcc --build-id --eh-frame-hdr -m elf_x86_64 --hash-style=gnu --as-needed -dynamic-linker /lib64/ld-linux-x86-64.so.2 -pie -z now -z relro -o cmTC_587db /usr/lib/gcc/x86_64-linux-gnu/7/../../../x86_64-linux-gnu/Scrt1.o /usr/lib/gcc/x86_64-linux-gnu/7/../../../x86_64-linux-gnu/crti.o /usr/lib/gcc/x86_64-linux-gnu/7/crtbeginS.o -L/usr/lib/gcc/x86_64-linux-gnu/7 -L/usr/lib/gcc/x86_64-linux-gnu/7/../../../x86_64-linux-gnu -L/usr/lib/gcc/x86_64-linux-gnu/7/../../../../lib -L/lib/x86_64-linux-gnu -L/lib/../lib -L/usr/lib/x86_64-linux-gnu -L/usr/lib/../lib -L/usr/lib/gcc/x86_64-linux-gnu/7/../../.. CMakeFiles/cmTC_587db.dir/CMakeCXXCompilerABI.cpp.o -lstdc++ -lm -lgcc_s -lgcc -lc -lgcc_s -lgcc /usr/lib/gcc/x86_64-linux-gnu/7/crtendS.o /usr/lib/gcc/x86_64-linux-gnu/7/../../../x86_64-linux-gnu/crtn.o
COLLECT_GCC_OPTIONS='-v' '-o' 'cmTC_587db' '-shared-libgcc' '-mtune=generic' '-march=x86-64'
make[1]: Leaving directory '/mnt/c/Users/sande/Desktop/GIT/Ohjelmistotuotanto-unit-test/build/CMakeFiles/CMakeTmp'

Cannot copy output executable
  '/mnt/c/Users/sande/Desktop/GIT/Ohjelmistotuotanto-unit-test/build/CMakeFiles/CMakeTmp/cmTC_587db'
to destination specified by COPY_FILE:
  '/mnt/c/Users/sande/Desktop/GIT/Ohjelmistotuotanto-unit-test/build/CMakeFiles/3.10.2/CMakeDetermineCompilerABI_CXX.bin'


Detecting CXX [-std=c++1z] compiler features failed to compile with the following output:
Change Dir: /mnt/c/Users/sande/Desktop/GIT/Ohjelmistotuotanto-unit-test/build/CMakeFiles/CMakeTmp

Run Build Command:"/usr/bin/make" "cmTC_7b8a0/fast"
/usr/bin/make -f CMakeFiles/cmTC_7b8a0.dir/build.make CMakeFiles/cmTC_7b8a0.dir/build
make[1]: Entering directory '/mnt/c/Users/sande/Desktop/GIT/Ohjelmistotuotanto-unit-test/build/CMakeFiles/CMakeTmp'
Building CXX object CMakeFiles/cmTC_7b8a0.dir/feature_tests.cxx.o
/usr/bin/c++    -std=c++1z -o CMakeFiles/cmTC_7b8a0.dir/feature_tests.cxx.o -c /mnt/c/Users/sande/Desktop/GIT/Ohjelmistotuotanto-unit-test/build/CMakeFiles/feature_tests.cxx
Linking CXX executable cmTC_7b8a0
/usr/bin/cmake -E cmake_link_script CMakeFiles/cmTC_7b8a0.dir/link.txt --verbose=1
/usr/bin/c++       CMakeFiles/cmTC_7b8a0.dir/feature_tests.cxx.o  -o cmTC_7b8a0 
make[1]: Leaving directory '/mnt/c/Users/sande/Desktop/GIT/Ohjelmistotuotanto-unit-test/build/CMakeFiles/CMakeTmp'

Cannot copy output executable
  '/mnt/c/Users/sande/Desktop/GIT/Ohjelmistotuotanto-unit-test/build/CMakeFiles/CMakeTmp/cmTC_7b8a0'
to destination specified by COPY_FILE:
  '/mnt/c/Users/sande/Desktop/GIT/Ohjelmistotuotanto-unit-test/build/CMakeFiles/feature_tests.bin'


Determining if the pthread_create exist failed with the following output:
Change Dir: /mnt/c/Users/sande/Desktop/GIT/Ohjelmistotuotanto-unit-test/build/CMakeFiles/CMakeTmp

Run Build Command:"/usr/bin/make" "cmTC_e8c98/fast"
/usr/bin/make -f CMakeFiles/cmTC_e8c98.dir/build.make CMakeFiles/cmTC_e8c98.dir/build
make[1]: Entering directory '/mnt/c/Users/sande/Desktop/GIT/Ohjelmistotuotanto-unit-test/build/CMakeFiles/CMakeTmp'
Building C object CMakeFiles/cmTC_e8c98.dir/CheckSymbolExists.c.o
/usr/bin/cc    -o CMakeFiles/cmTC_e8c98.dir/CheckSymbolExists.c.o   -c /mnt/c/Users/sande/Desktop/GIT/Ohjelmistotuotanto-unit-test/build/CMakeFiles/CMakeTmp/CheckSymbolExists.c
Linking C executable cmTC_e8c98
/usr/bin/cmake -E cmake_link_script CMakeFiles/cmTC_e8c98.dir/link.txt --verbose=1
/usr/bin/cc      -rdynamic CMakeFiles/cmTC_e8c98.dir/CheckSymbolExists.c.o  -o cmTC_e8c98 
CMakeFiles/cmTC_e8c98.dir/CheckSymbolExists.c.o: In function `main':
CheckSymbolExists.c:(.text+0x1b): undefined reference to `pthread_create'
collect2: error: ld returned 1 exit status
CMakeFiles/cmTC_e8c98.dir/build.make:97: recipe for target 'cmTC_e8c98' failed
make[1]: *** [cmTC_e8c98] Error 1
make[1]: Leaving directory '/mnt/c/Users/sande/Desktop/GIT/Ohjelmistotuotanto-unit-test/build/CMakeFiles/CMakeTmp'
Makefile:126: recipe for target 'cmTC_e8c98/fast' failed
make: *** [cmTC_e8c98/fast] Error 2

File /mnt/c/Users/sande/Desktop/GIT/Ohjelmistotuotanto-unit-test/build/CMakeFiles/CMakeTmp/CheckSymbolExists.c:
/* */
#include <pthread.h>

int main(int argc, char** argv)
{
  (void)argv;
#ifndef pthread_create
  return ((int*)(&pthread_create))[argc];
#else
  (void)argc;
  return 0;
#endif
}

Determining if the function pthread_create exists in the pthreads failed with the following output:
Change Dir: /mnt/c/Users/sande/Desktop/GIT/Ohjelmistotuotanto-unit-test/build/CMakeFiles/CMakeTmp

Run Build Command:"/usr/bin/make" "cmTC_5139e/fast"
/usr/bin/make -f CMakeFiles/cmTC_5139e.dir/build.make CMakeFiles/cmTC_5139e.dir/build
make[1]: Entering directory '/mnt/c/Users/sande/Desktop/GIT/Ohjelmistotuotanto-unit-test/build/CMakeFiles/CMakeTmp'
Building C object CMakeFiles/cmTC_5139e.dir/CheckFunctionExists.c.o
/usr/bin/cc   -DCHECK_FUNCTION_EXISTS=pthread_create   -o CMakeFiles/cmTC_5139e.dir/CheckFunctionExists.c.o   -c /usr/share/cmake-3.10/Modules/CheckFunctionExists.c
Linking C executable cmTC_5139e
/usr/bin/cmake -E cmake_link_script CMakeFiles/cmTC_5139e.dir/link.txt --verbose=1
/usr/bin/cc  -DCHECK_FUNCTION_EXISTS=pthread_create    -rdynamic CMakeFiles/cmTC_5139e.dir/CheckFunctionExists.c.o  -o cmTC_5139e -lpthreads 
/usr/bin/ld: cannot find -lpthreads
collect2: error: ld returned 1 exit status
CMakeFiles/cmTC_5139e.dir/build.make:97: recipe for target 'cmTC_5139e' failed
make[1]: *** [cmTC_5139e] Error 1
make[1]: Leaving directory '/mnt/c/Users/sande/Desktop/GIT/Ohjelmistotuotanto-unit-test/build/CMakeFiles/CMakeTmp'
Makefile:126: recipe for target 'cmTC_5139e/fast' failed
make: *** [cmTC_5139e/fast] Error 2


