The system is: Linux - 4.4.0-18362-Microsoft - x86_64
Compiling the C compiler identification source file "CMakeCCompilerId.c" succeeded.
Compiler: /usr/bin/cc 
Build flags: 
Id flags:  

The output was:
0


Compilation of the C compiler identification source "CMakeCCompilerId.c" produced "a.out"

The C compiler identification is GNU, found in "/mnt/c/Users/sande/Desktop/GIT/Ohjelmistotuotanto-unit-test/build/CMakeFiles/3.10.2/CompilerIdC/a.out"

Determining if the C compiler works passed with the following output:
Change Dir: /mnt/c/Users/sande/Desktop/GIT/Ohjelmistotuotanto-unit-test/build/CMakeFiles/CMakeTmp

Run Build Command:"/usr/bin/make" "cmTC_c6af8/fast"
/usr/bin/make -f CMakeFiles/cmTC_c6af8.dir/build.make CMakeFiles/cmTC_c6af8.dir/build
make[1]: Entering directory '/mnt/c/Users/sande/Desktop/GIT/Ohjelmistotuotanto-unit-test/build/CMakeFiles/CMakeTmp'
Building C object CMakeFiles/cmTC_c6af8.dir/testCCompiler.c.o
/usr/bin/cc    -o CMakeFiles/cmTC_c6af8.dir/testCCompiler.c.o   -c /mnt/c/Users/sande/Desktop/GIT/Ohjelmistotuotanto-unit-test/build/CMakeFiles/CMakeTmp/testCCompiler.c
Linking C executable cmTC_c6af8
/usr/bin/cmake -E cmake_link_script CMakeFiles/cmTC_c6af8.dir/link.txt --verbose=1
/usr/bin/cc      CMakeFiles/cmTC_c6af8.dir/testCCompiler.c.o  -o cmTC_c6af8 
make[1]: Leaving directory '/mnt/c/Users/sande/Desktop/GIT/Ohjelmistotuotanto-unit-test/build/CMakeFiles/CMakeTmp'


Compiling the CXX compiler identification source file "CMakeCXXCompilerId.cpp" succeeded.
Compiler: /usr/bin/c++ 
Build flags: 
Id flags:  

The output was:
0


Compilation of the CXX compiler identification source "CMakeCXXCompilerId.cpp" produced "a.out"

The CXX compiler identification is GNU, found in "/mnt/c/Users/sande/Desktop/GIT/Ohjelmistotuotanto-unit-test/build/CMakeFiles/3.10.2/CompilerIdCXX/a.out"

Determining if the CXX compiler works passed with the following output:
Change Dir: /mnt/c/Users/sande/Desktop/GIT/Ohjelmistotuotanto-unit-test/build/CMakeFiles/CMakeTmp

Run Build Command:"/usr/bin/make" "cmTC_56707/fast"
/usr/bin/make -f CMakeFiles/cmTC_56707.dir/build.make CMakeFiles/cmTC_56707.dir/build
make[1]: Entering directory '/mnt/c/Users/sande/Desktop/GIT/Ohjelmistotuotanto-unit-test/build/CMakeFiles/CMakeTmp'
Building CXX object CMakeFiles/cmTC_56707.dir/testCXXCompiler.cxx.o
/usr/bin/c++     -o CMakeFiles/cmTC_56707.dir/testCXXCompiler.cxx.o -c /mnt/c/Users/sande/Desktop/GIT/Ohjelmistotuotanto-unit-test/build/CMakeFiles/CMakeTmp/testCXXCompiler.cxx
Linking CXX executable cmTC_56707
/usr/bin/cmake -E cmake_link_script CMakeFiles/cmTC_56707.dir/link.txt --verbose=1
/usr/bin/c++       CMakeFiles/cmTC_56707.dir/testCXXCompiler.cxx.o  -o cmTC_56707 
make[1]: Leaving directory '/mnt/c/Users/sande/Desktop/GIT/Ohjelmistotuotanto-unit-test/build/CMakeFiles/CMakeTmp'


Determining if the include file pthread.h exists passed with the following output:
Change Dir: /mnt/c/Users/sande/Desktop/GIT/Ohjelmistotuotanto-unit-test/build/CMakeFiles/CMakeTmp

Run Build Command:"/usr/bin/make" "cmTC_3604d/fast"
/usr/bin/make -f CMakeFiles/cmTC_3604d.dir/build.make CMakeFiles/cmTC_3604d.dir/build
make[1]: Entering directory '/mnt/c/Users/sande/Desktop/GIT/Ohjelmistotuotanto-unit-test/build/CMakeFiles/CMakeTmp'
Building C object CMakeFiles/cmTC_3604d.dir/CheckIncludeFile.c.o
/usr/bin/cc    -o CMakeFiles/cmTC_3604d.dir/CheckIncludeFile.c.o   -c /mnt/c/Users/sande/Desktop/GIT/Ohjelmistotuotanto-unit-test/build/CMakeFiles/CMakeTmp/CheckIncludeFile.c
Linking C executable cmTC_3604d
/usr/bin/cmake -E cmake_link_script CMakeFiles/cmTC_3604d.dir/link.txt --verbose=1
/usr/bin/cc      -rdynamic CMakeFiles/cmTC_3604d.dir/CheckIncludeFile.c.o  -o cmTC_3604d 
make[1]: Leaving directory '/mnt/c/Users/sande/Desktop/GIT/Ohjelmistotuotanto-unit-test/build/CMakeFiles/CMakeTmp'


Determining if the function pthread_create exists in the pthread passed with the following output:
Change Dir: /mnt/c/Users/sande/Desktop/GIT/Ohjelmistotuotanto-unit-test/build/CMakeFiles/CMakeTmp

Run Build Command:"/usr/bin/make" "cmTC_c3000/fast"
/usr/bin/make -f CMakeFiles/cmTC_c3000.dir/build.make CMakeFiles/cmTC_c3000.dir/build
make[1]: Entering directory '/mnt/c/Users/sande/Desktop/GIT/Ohjelmistotuotanto-unit-test/build/CMakeFiles/CMakeTmp'
Building C object CMakeFiles/cmTC_c3000.dir/CheckFunctionExists.c.o
/usr/bin/cc   -DCHECK_FUNCTION_EXISTS=pthread_create   -o CMakeFiles/cmTC_c3000.dir/CheckFunctionExists.c.o   -c /usr/share/cmake-3.10/Modules/CheckFunctionExists.c
Linking C executable cmTC_c3000
/usr/bin/cmake -E cmake_link_script CMakeFiles/cmTC_c3000.dir/link.txt --verbose=1
/usr/bin/cc  -DCHECK_FUNCTION_EXISTS=pthread_create    -rdynamic CMakeFiles/cmTC_c3000.dir/CheckFunctionExists.c.o  -o cmTC_c3000 -lpthread 
make[1]: Leaving directory '/mnt/c/Users/sande/Desktop/GIT/Ohjelmistotuotanto-unit-test/build/CMakeFiles/CMakeTmp'


